from fastapi import APIRouter, Depends
from fastapi.responses import JSONResponse
from internal.service import ApplicationGraphService
from internal.dto import GetShortPathRequest

router = APIRouter()


@router.post('/ant_colony')
## @brief     Get shortest path using ant colony algorithm
#
#
# @param		dto	GetShortPathRequest
#
# @return
# @return		JSONResponse	json response with shortest path
#

async def path_ant_colony(
    dto: GetShortPathRequest,
    application_service: ApplicationGraphService = Depends(),
) -> JSONResponse:
    return application_service.ant_colony(dto)


@router.post('/dijkstra')
## @brief     Get shortest path using dijkstra algorithm
#
#
# @param		dto	GetShortPathRequest
#
# @return
# @return		JSONResponse	json response with shortest path
#

async def path_dijkstra(
    dto: GetShortPathRequest,
    application_service: ApplicationGraphService = Depends(),
) -> JSONResponse:
    return application_service.dijkstra(dto)
