from pydantic import BaseModel


## @brief     Request model for load_nsi method
#

class LoadNSIRequest(BaseModel):
    download_link: str
    data_type: int


## @brief     Default response model
#

class DefaultResponse(BaseModel):
    success: bool
    description: str


## @brief     Request model for get_nsi method
#

class GetNSIRequest(BaseModel):
    data_type: int
    limit: int


## @brief     Response model for get_nsi method
#

class GetNSIResponse(BaseModel):
    success: bool
    description: str
    data: list
